<?xml version="1.0" encoding="UTF-8"?>
<!-- Generated by org.testng.reporters.JUnitReportReporter -->
<testsuite hostname="NDI-LAP-733" failures="0" tests="4" name="TestCases.TestCaseMain" time="42.993" errors="0" timestamp="2022-02-21T13:19:10 IST" skipped="0">
  <testcase classname="TestCases.TestCaseMain" name="Test2" time="7.511"/>
  <system-out/>
  <testcase classname="TestCases.TestCaseMain" name="Test3" time="29.172"/>
  <system-out/>
  <testcase classname="TestCases.TestCaseMain" name="Test1" time="6.269"/>
  <system-out/>
  <testcase classname="TestCases.TestCaseMain" name="InitiateHomePage" time="0.041"/>
  <system-out/>
</testsuite> <!-- TestCases.TestCaseMain -->
