<?xml version="1.0" encoding="UTF-8"?>
<!-- Generated by org.testng.reporters.JUnitReportReporter -->
<testsuite hostname="NDI-LAP-733" failures="0" tests="1" name="TestCases.ContactUsFailTest" time="7.331" errors="0" timestamp="2022-01-20T23:29:58 IST" skipped="0">
  <testcase classname="TestCases.ContactUsFailTest" name="test2" time="7.331"/>
  <system-out/>
</testsuite> <!-- TestCases.ContactUsFailTest -->
